生成启动时间为 2021/3/23 17:08:04。
     1>项目“C:\Users\developer\Documents\Visual Studio 2010\Projects\widget3\widget3\widget3.vcxproj”在节点 2 上(build 个目标)。
     1>InitializeBuildStatus:
         正在对“Debug\widget3.unsuccessfulbuild”执行 Touch 任务。
       CustomBuild:
         Moc'ing Matrix1.h...
         Moc'ing mythread.h...
       ClCompile:
         C:\Program Files (x86)\Microsoft Visual Studio 10.0\VC\bin\CL.exe /c /I.\GeneratedFiles /I. /IC:\Qt\4.8.5vs2010\include /I.\GeneratedFiles\Debug /IC:\Qt\4.8.5vs2010\include\QtCore /IC:\Qt\4.8.5vs2010\include\QtGui /Zi /nologo /W1 /WX- /Od /Oy- /D UNICODE /D WIN32 /D QT_DLL /D QT_CORE_LIB /D QT_GUI_LIB /Gm- /EHsc /MDd /GS /fp:precise /Zc:wchar_t- /Zc:forScope /Fo"Debug\\" /Fd"Debug\vc100.pdb" /Gd /TP /analyze- /errorReport:prompt GeneratedFiles\Debug\moc_Matrix1.cpp GeneratedFiles\Debug\moc_mythread.cpp GeneratedFiles\Debug\moc_widget3.cpp main.cpp Matrix1.cpp mythread.cpp widget3.cpp
         moc_Matrix1.cpp
         moc_mythread.cpp
         moc_widget3.cpp
         main.cpp
         Matrix1.cpp
         mythread.cpp
         widget3.cpp
         正在生成代码...
         所有输出均为最新。
       Link:
         C:\Program Files (x86)\Microsoft Visual Studio 10.0\VC\bin\link.exe /ERRORREPORT:PROMPT /OUT:"C:\Users\developer\Documents\Visual Studio 2010\Projects\widget3\Win32\Debug\\widget3.exe" /NOLOGO /LIBPATH:C:\Qt\4.8.5vs2010\lib qtmaind.lib QtCored4.lib QtGuid4.lib kernel32.lib user32.lib gdi32.lib winspool.lib comdlg32.lib advapi32.lib shell32.lib ole32.lib oleaut32.lib uuid.lib odbc32.lib odbccp32.lib /MANIFEST /ManifestFile:"Debug\widget3.exe.intermediate.manifest" /MANIFESTUAC:"level='asInvoker' uiAccess='false'" /DEBUG /PDB:"C:\Users\developer\Documents\Visual Studio 2010\Projects\widget3\Win32\Debug\widget3.pdb" /SUBSYSTEM:WINDOWS /TLBID:1 /DYNAMICBASE /NXCOMPAT /IMPLIB:"C:\Users\developer\Documents\Visual Studio 2010\Projects\widget3\Win32\Debug\widget3.lib" /MACHINE:X86 Debug\moc_Matrix1.obj
         Debug\moc_mythread.obj
         Debug\moc_widget3.obj
         Debug\qrc_widget3.obj
         Debug\main.obj
         Debug\Matrix1.obj
         Debug\Matrix_node.obj
         Debug\mythread.obj
         Debug\widget3.obj
         LINK : 没有找到 C:\Users\developer\Documents\Visual Studio 2010\Projects\widget3\Win32\Debug\\widget3.exe 或上一个增量链接没有生成它；正在执行完全链接
         widget3.vcxproj -> C:\Users\developer\Documents\Visual Studio 2010\Projects\widget3\Win32\Debug\widget3.exe
       Manifest:
         C:\Program Files (x86)\Microsoft SDKs\Windows\v7.0A\bin\mt.exe /nologo /verbose /outputresource:"C:\Users\developer\Documents\Visual Studio 2010\Projects\widget3\Win32\Debug\\widget3.exe;#1" /manifest Debug\widget3.exe.intermediate.manifest
       FinalizeBuildStatus:
         正在删除文件“Debug\widget3.unsuccessfulbuild”。
         正在对“Debug\widget3.lastbuildstate”执行 Touch 任务。
     1>已完成生成项目“C:\Users\developer\Documents\Visual Studio 2010\Projects\widget3\widget3\widget3.vcxproj”(build 个目标)的操作。

生成成功。

已用时间 00:00:03.40
