C:\Users\developer\Documents\Visual Studio 2010\Projects\widget3\widget3\Debug\cl.command.1.tlog
C:\Users\developer\Documents\Visual Studio 2010\Projects\widget3\widget3\Debug\CL.read.1.tlog
C:\Users\developer\Documents\Visual Studio 2010\Projects\widget3\widget3\Debug\CL.write.1.tlog
C:\Users\developer\Documents\Visual Studio 2010\Projects\widget3\widget3\Debug\custombuild.command.1.tlog
C:\Users\developer\Documents\Visual Studio 2010\Projects\widget3\widget3\Debug\custombuild.read.1.tlog
C:\Users\developer\Documents\Visual Studio 2010\Projects\widget3\widget3\Debug\custombuild.write.1.tlog
C:\Users\developer\Documents\Visual Studio 2010\Projects\widget3\widget3\Debug\link.command.1.tlog
C:\Users\developer\Documents\Visual Studio 2010\Projects\widget3\widget3\Debug\link.read.1.tlog
C:\Users\developer\Documents\Visual Studio 2010\Projects\widget3\widget3\Debug\link.write.1.tlog
C:\USERS\DEVELOPER\DOCUMENTS\VISUAL STUDIO 2010\PROJECTS\WIDGET3\WIDGET3\DEBUG\MAIN.OBJ
C:\USERS\DEVELOPER\DOCUMENTS\VISUAL STUDIO 2010\PROJECTS\WIDGET3\WIDGET3\DEBUG\MATRIX_NODE.OBJ
C:\USERS\DEVELOPER\DOCUMENTS\VISUAL STUDIO 2010\PROJECTS\WIDGET3\WIDGET3\DEBUG\MATRIX1.OBJ
C:\USERS\DEVELOPER\DOCUMENTS\VISUAL STUDIO 2010\PROJECTS\WIDGET3\WIDGET3\DEBUG\MOC_MATRIX1.OBJ
C:\USERS\DEVELOPER\DOCUMENTS\VISUAL STUDIO 2010\PROJECTS\WIDGET3\WIDGET3\DEBUG\MOC_MYTHREAD.OBJ
C:\USERS\DEVELOPER\DOCUMENTS\VISUAL STUDIO 2010\PROJECTS\WIDGET3\WIDGET3\DEBUG\MOC_WIDGET3.OBJ
C:\Users\developer\Documents\Visual Studio 2010\Projects\widget3\widget3\Debug\mt.command.1.tlog
C:\Users\developer\Documents\Visual Studio 2010\Projects\widget3\widget3\Debug\mt.read.1.tlog
C:\Users\developer\Documents\Visual Studio 2010\Projects\widget3\widget3\Debug\mt.write.1.tlog
C:\USERS\DEVELOPER\DOCUMENTS\VISUAL STUDIO 2010\PROJECTS\WIDGET3\WIDGET3\DEBUG\MYTHREAD.OBJ
C:\USERS\DEVELOPER\DOCUMENTS\VISUAL STUDIO 2010\PROJECTS\WIDGET3\WIDGET3\DEBUG\QRC_WIDGET3.OBJ
C:\USERS\DEVELOPER\DOCUMENTS\VISUAL STUDIO 2010\PROJECTS\WIDGET3\WIDGET3\DEBUG\VC100.PDB
C:\Users\developer\Documents\Visual Studio 2010\Projects\widget3\widget3\Debug\widget3.exe.intermediate.manifest
C:\USERS\DEVELOPER\DOCUMENTS\VISUAL STUDIO 2010\PROJECTS\WIDGET3\WIDGET3\DEBUG\WIDGET3.OBJ
C:\Users\developer\Documents\Visual Studio 2010\Projects\widget3\widget3\Debug\widget3.vcxprojResolveAssemblyReference.cache
C:\Users\developer\Documents\Visual Studio 2010\Projects\widget3\widget3\Debug\widget3.write.1.tlog
C:\USERS\DEVELOPER\DOCUMENTS\VISUAL STUDIO 2010\PROJECTS\WIDGET3\WIDGET3\GENERATEDFILES\DEBUG\MOC_MATRIX1.CPP
C:\USERS\DEVELOPER\DOCUMENTS\VISUAL STUDIO 2010\PROJECTS\WIDGET3\WIDGET3\GENERATEDFILES\DEBUG\MOC_MYTHREAD.CPP
C:\USERS\DEVELOPER\DOCUMENTS\VISUAL STUDIO 2010\PROJECTS\WIDGET3\WIDGET3\GENERATEDFILES\DEBUG\MOC_WIDGET3.CPP
C:\USERS\DEVELOPER\DOCUMENTS\VISUAL STUDIO 2010\PROJECTS\WIDGET3\WIDGET3\GENERATEDFILES\QRC_WIDGET3.CPP
C:\USERS\DEVELOPER\DOCUMENTS\VISUAL STUDIO 2010\PROJECTS\WIDGET3\WIDGET3\GENERATEDFILES\UI_WIDGET3.H
C:\USERS\DEVELOPER\DOCUMENTS\VISUAL STUDIO 2010\PROJECTS\WIDGET3\WIN32\DEBUG\WIDGET3.EXE
C:\Users\developer\Documents\Visual Studio 2010\Projects\widget3\Win32\Debug\widget3.pdb
